This file contains any messages produced by compilers while
running configure, to aid debugging if configure makes a mistake.

It was created by configure, which was
generated by GNU Autoconf 2.69.  Invocation command line was

  $ ./configure 

## --------- ##
## Platform. ##
## --------- ##

hostname = PeigendeMacBook-Pro.local
uname -m = x86_64
uname -r = 19.5.0
uname -s = Darwin
uname -v = Darwin Kernel Version 19.5.0: Tue May 26 20:41:44 PDT 2020; root:xnu-6153.121.2~2/RELEASE_X86_64

/usr/bin/uname -p = i386
/bin/uname -X     = unknown

/bin/arch              = unknown
/usr/bin/arch -k       = unknown
/usr/convex/getsysinfo = unknown
/usr/bin/hostinfo      = Mach kernel version:
	 Darwin Kernel Version 19.5.0: Tue May 26 20:41:44 PDT 2020; root:xnu-6153.121.2~2/RELEASE_X86_64
Kernel configured for up to 8 processors.
4 processors are physically available.
8 processors are logically available.
Processor type: x86_64h (Intel x86-64h Haswell)
Processors active: 0 1 2 3 4 5 6 7
Primary memory available: 16.00 gigabytes
Default processor set: 432 tasks, 1837 threads, 8 processors
Load average: 2.43, Mach factor: 5.56
/bin/machine           = unknown
/usr/bin/oslevel       = unknown
/bin/universe          = unknown

PATH: /usr/bin
PATH: /bin
PATH: /usr/sbin
PATH: /sbin
PATH: /usr/local/bin
PATH: /Library/Apple/usr/bin


## ----------- ##
## Core tests. ##
## ----------- ##

configure:1786: checking for curl-config
configure:1804: found /usr/bin/curl-config
configure:1816: result: /usr/bin/curl-config
configure:1884: checking for gcc
configure:1900: found /usr/bin/gcc
configure:1911: result: gcc
configure:2140: checking for C compiler version
configure:2149: gcc --version >&5
Apple clang version 11.0.3 (clang-1103.0.32.62)
Target: x86_64-apple-darwin19.5.0
Thread model: posix
InstalledDir: /Applications/Xcode.app/Contents/Developer/Toolchains/XcodeDefault.xctoolchain/usr/bin
Configured with: --prefix=/Applications/Xcode.app/Contents/Developer/usr --with-gxx-include-dir=/Applications/Xcode.app/Contents/Developer/Platforms/MacOSX.platform/Developer/SDKs/MacOSX.sdk/usr/include/c++/4.2.1
configure:2160: $? = 0
configure:2149: gcc -v >&5
Configured with: --prefix=/Applications/Xcode.app/Contents/Developer/usr --with-gxx-include-dir=/Applications/Xcode.app/Contents/Developer/Platforms/MacOSX.platform/Developer/SDKs/MacOSX.sdk/usr/include/c++/4.2.1
Apple clang version 11.0.3 (clang-1103.0.32.62)
Target: x86_64-apple-darwin19.5.0
Thread model: posix
InstalledDir: /Applications/Xcode.app/Contents/Developer/Toolchains/XcodeDefault.xctoolchain/usr/bin
configure:2160: $? = 0
configure:2149: gcc -V >&5
clang: error: unsupported option '-V -Wno-objc-signed-char-bool-implicit-int-conversion'
clang: error: no input files
configure:2160: $? = 1
configure:2149: gcc -qversion >&5
clang: error: unknown argument '-qversion'; did you mean '--version'?
clang: error: no input files
configure:2160: $? = 1
configure:2180: checking whether the C compiler works
configure:2202: gcc    conftest.c  >&5
configure:2206: $? = 0
configure:2254: result: yes
configure:2257: checking for C compiler default output file name
configure:2259: result: a.out
configure:2265: checking for suffix of executables
configure:2272: gcc -o conftest    conftest.c  >&5
configure:2276: $? = 0
configure:2298: result: 
configure:2320: checking whether we are cross compiling
configure:2328: gcc -o conftest    conftest.c  >&5
configure:2332: $? = 0
configure:2339: ./conftest
configure:2343: $? = 0
configure:2358: result: no
configure:2363: checking for suffix of object files
configure:2385: gcc -c   conftest.c >&5
configure:2389: $? = 0
configure:2410: result: o
configure:2414: checking whether we are using the GNU C compiler
configure:2433: gcc -c   conftest.c >&5
configure:2433: $? = 0
configure:2442: result: yes
configure:2451: checking whether gcc accepts -g
configure:2471: gcc -c -g  conftest.c >&5
configure:2471: $? = 0
configure:2512: result: yes
configure:2529: checking for gcc option to accept ISO C89
configure:2592: gcc  -c -g -O2  conftest.c >&5
configure:2592: $? = 0
configure:2605: result: none needed
configure:2630: checking how to run the C preprocessor
configure:2661: gcc -E  conftest.c
configure:2661: $? = 0
configure:2675: gcc -E  conftest.c
conftest.c:9:10: fatal error: 'ac_nonexistent.h' file not found
#include <ac_nonexistent.h>
         ^~~~~~~~~~~~~~~~~~
1 error generated.
configure:2675: $? = 1
configure: failed program was:
| /* confdefs.h */
| #define PACKAGE_NAME ""
| #define PACKAGE_TARNAME ""
| #define PACKAGE_VERSION ""
| #define PACKAGE_STRING ""
| #define PACKAGE_BUGREPORT ""
| #define PACKAGE_URL ""
| /* end confdefs.h.  */
| #include <ac_nonexistent.h>
configure:2700: result: gcc -E
configure:2720: gcc -E  conftest.c
configure:2720: $? = 0
configure:2734: gcc -E  conftest.c
conftest.c:9:10: fatal error: 'ac_nonexistent.h' file not found
#include <ac_nonexistent.h>
         ^~~~~~~~~~~~~~~~~~
1 error generated.
configure:2734: $? = 1
configure: failed program was:
| /* confdefs.h */
| #define PACKAGE_NAME ""
| #define PACKAGE_TARNAME ""
| #define PACKAGE_VERSION ""
| #define PACKAGE_STRING ""
| #define PACKAGE_BUGREPORT ""
| #define PACKAGE_URL ""
| /* end confdefs.h.  */
| #include <ac_nonexistent.h>
configure:2784: gcc -c -g -O2   conftest.c >&5
conftest.c:18:6: warning: assigning to 'char *' from 'const char *' discards qualifiers [-Wincompatible-pointer-types-discards-qualifiers]
 ptr = data->libidn;
     ^ ~~~~~~~~~~~~
1 warning generated.
configure:2784: $? = 0
configure:2815: gcc -c -g -O2   conftest.c >&5
configure:2815: $? = 0
configure:2843: gcc -c -g -O2   conftest.c >&5
configure:2843: $? = 0
configure:2868: gcc -c -g -O2   conftest.c >&5
configure:2868: $? = 0
configure:2893: gcc -c -g -O2   conftest.c >&5
configure:2893: $? = 0
configure:2918: gcc -c -g -O2   conftest.c >&5
configure:2918: $? = 0
configure:2943: gcc -c -g -O2   conftest.c >&5
configure:2943: $? = 0
configure:2968: gcc -c -g -O2   conftest.c >&5
configure:2968: $? = 0
configure:2993: gcc -c -g -O2   conftest.c >&5
configure:2993: $? = 0
configure:3018: gcc -c -g -O2   conftest.c >&5
configure:3018: $? = 0
configure:3043: gcc -c -g -O2   conftest.c >&5
configure:3043: $? = 0
configure:3068: gcc -c -g -O2   conftest.c >&5
configure:3068: $? = 0
configure:3093: gcc -c -g -O2   conftest.c >&5
configure:3093: $? = 0
configure:3118: gcc -c -g -O2   conftest.c >&5
configure:3118: $? = 0
configure:3143: gcc -c -g -O2   conftest.c >&5
configure:3143: $? = 0
configure:3168: gcc -c -g -O2   conftest.c >&5
configure:3168: $? = 0
configure:3193: gcc -c -g -O2   conftest.c >&5
configure:3193: $? = 0
configure:3218: gcc -c -g -O2   conftest.c >&5
configure:3218: $? = 0
configure:3243: gcc -c -g -O2   conftest.c >&5
configure:3243: $? = 0
configure:3268: gcc -c -g -O2   conftest.c >&5
configure:3268: $? = 0
configure:3293: gcc -c -g -O2   conftest.c >&5
configure:3293: $? = 0
configure:3318: gcc -c -g -O2   conftest.c >&5
configure:3318: $? = 0
configure:3343: gcc -c -g -O2   conftest.c >&5
configure:3343: $? = 0
configure:3368: gcc -c -g -O2   conftest.c >&5
configure:3368: $? = 0
configure:3393: gcc -c -g -O2   conftest.c >&5
configure:3393: $? = 0
configure:3418: gcc -c -g -O2   conftest.c >&5
configure:3418: $? = 0
configure:3443: gcc -c -g -O2   conftest.c >&5
configure:3443: $? = 0
configure:3468: gcc -c -g -O2   conftest.c >&5
configure:3468: $? = 0
configure:3493: gcc -c -g -O2   conftest.c >&5
configure:3493: $? = 0
configure:3518: gcc -c -g -O2   conftest.c >&5
configure:3518: $? = 0
configure:3543: gcc -c -g -O2   conftest.c >&5
configure:3543: $? = 0
configure:3568: gcc -c -g -O2   conftest.c >&5
configure:3568: $? = 0
configure:3593: gcc -c -g -O2   conftest.c >&5
configure:3593: $? = 0
configure:3618: gcc -c -g -O2   conftest.c >&5
configure:3618: $? = 0
configure:3643: gcc -c -g -O2   conftest.c >&5
configure:3643: $? = 0
configure:3668: gcc -c -g -O2   conftest.c >&5
configure:3668: $? = 0
configure:3693: gcc -c -g -O2   conftest.c >&5
configure:3693: $? = 0
configure:3722: gcc -c -g -O2   conftest.c >&5
configure:3722: $? = 0
configure:3747: gcc -c -g -O2   conftest.c >&5
configure:3747: $? = 0
configure:3772: gcc -c -g -O2   conftest.c >&5
configure:3772: $? = 0
configure:3797: gcc -c -g -O2   conftest.c >&5
configure:3797: $? = 0
configure:3822: gcc -c -g -O2   conftest.c >&5
configure:3822: $? = 0
configure:3847: gcc -c -g -O2   conftest.c >&5
configure:3847: $? = 0
configure:3872: gcc -c -g -O2   conftest.c >&5
configure:3872: $? = 0
configure:3897: gcc -c -g -O2   conftest.c >&5
configure:3897: $? = 0
configure:3922: gcc -c -g -O2   conftest.c >&5
configure:3922: $? = 0
configure:3947: gcc -c -g -O2   conftest.c >&5
configure:3947: $? = 0
configure:3972: gcc -c -g -O2   conftest.c >&5
configure:3972: $? = 0
configure:3997: gcc -c -g -O2   conftest.c >&5
configure:3997: $? = 0
configure:4022: gcc -c -g -O2   conftest.c >&5
configure:4022: $? = 0
configure:4047: gcc -c -g -O2   conftest.c >&5
configure:4047: $? = 0
configure:4072: gcc -c -g -O2   conftest.c >&5
configure:4072: $? = 0
configure:4097: gcc -c -g -O2   conftest.c >&5
configure:4097: $? = 0
configure:4122: gcc -c -g -O2   conftest.c >&5
configure:4122: $? = 0
configure:4147: gcc -c -g -O2   conftest.c >&5
configure:4147: $? = 0
configure:4172: gcc -c -g -O2   conftest.c >&5
configure:4172: $? = 0
configure:4197: gcc -c -g -O2   conftest.c >&5
configure:4197: $? = 0
configure:4222: gcc -c -g -O2   conftest.c >&5
configure:4222: $? = 0
configure:4247: gcc -c -g -O2   conftest.c >&5
configure:4247: $? = 0
configure:4272: gcc -c -g -O2   conftest.c >&5
configure:4272: $? = 0
configure:4297: gcc -c -g -O2   conftest.c >&5
configure:4297: $? = 0
configure:4322: gcc -c -g -O2   conftest.c >&5
configure:4322: $? = 0
configure:4347: gcc -c -g -O2   conftest.c >&5
configure:4347: $? = 0
configure:4372: gcc -c -g -O2   conftest.c >&5
configure:4372: $? = 0
configure:4397: gcc -c -g -O2   conftest.c >&5
configure:4397: $? = 0
configure:4422: gcc -c -g -O2   conftest.c >&5
configure:4422: $? = 0
configure:4447: gcc -c -g -O2   conftest.c >&5
configure:4447: $? = 0
configure:4472: gcc -c -g -O2   conftest.c >&5
configure:4472: $? = 0
configure:4497: gcc -c -g -O2   conftest.c >&5
configure:4497: $? = 0
configure:4522: gcc -c -g -O2   conftest.c >&5
configure:4522: $? = 0
configure:4547: gcc -c -g -O2   conftest.c >&5
configure:4547: $? = 0
configure:4572: gcc -c -g -O2   conftest.c >&5
configure:4572: $? = 0
configure:4597: gcc -c -g -O2   conftest.c >&5
configure:4597: $? = 0
configure:4622: gcc -c -g -O2   conftest.c >&5
configure:4622: $? = 0
configure:4647: gcc -c -g -O2   conftest.c >&5
configure:4647: $? = 0
configure:4672: gcc -c -g -O2   conftest.c >&5
configure:4672: $? = 0
configure:4697: gcc -c -g -O2   conftest.c >&5
configure:4697: $? = 0
configure:4722: gcc -c -g -O2   conftest.c >&5
configure:4722: $? = 0
configure:4747: gcc -c -g -O2   conftest.c >&5
configure:4747: $? = 0
configure:4772: gcc -c -g -O2   conftest.c >&5
configure:4772: $? = 0
configure:4797: gcc -c -g -O2   conftest.c >&5
configure:4797: $? = 0
configure:4822: gcc -c -g -O2   conftest.c >&5
configure:4822: $? = 0
configure:4847: gcc -c -g -O2   conftest.c >&5
configure:4847: $? = 0
configure:4872: gcc -c -g -O2   conftest.c >&5
configure:4872: $? = 0
configure:4897: gcc -c -g -O2   conftest.c >&5
configure:4897: $? = 0
configure:4922: gcc -c -g -O2   conftest.c >&5
configure:4922: $? = 0
configure:4947: gcc -c -g -O2   conftest.c >&5
configure:4947: $? = 0
configure:4972: gcc -c -g -O2   conftest.c >&5
configure:4972: $? = 0
configure:4997: gcc -c -g -O2   conftest.c >&5
configure:4997: $? = 0
configure:5022: gcc -c -g -O2   conftest.c >&5
configure:5022: $? = 0
configure:5047: gcc -c -g -O2   conftest.c >&5
configure:5047: $? = 0
configure:5238: creating ./config.status

## ---------------------- ##
## Running config.status. ##
## ---------------------- ##

This file was extended by config.status, which was
generated by GNU Autoconf 2.69.  Invocation command line was

  CONFIG_FILES    = 
  CONFIG_HEADERS  = 
  CONFIG_LINKS    = 
  CONFIG_COMMANDS = 
  $ ./config.status 

on PeigendeMacBook-Pro.local

config.status:742: creating src/Makevars

## ---------------- ##
## Cache variables. ##
## ---------------- ##

ac_cv_c_compiler_gnu=yes
ac_cv_env_CC_set=
ac_cv_env_CC_value=
ac_cv_env_CFLAGS_set=
ac_cv_env_CFLAGS_value=
ac_cv_env_CPPFLAGS_set=
ac_cv_env_CPPFLAGS_value=
ac_cv_env_CPP_set=
ac_cv_env_CPP_value=
ac_cv_env_LDFLAGS_set=
ac_cv_env_LDFLAGS_value=
ac_cv_env_LIBS_set=
ac_cv_env_LIBS_value=
ac_cv_env_build_alias_set=
ac_cv_env_build_alias_value=
ac_cv_env_host_alias_set=
ac_cv_env_host_alias_value=
ac_cv_env_target_alias_set=
ac_cv_env_target_alias_value=
ac_cv_objext=o
ac_cv_path_CURL_CONFIG=/usr/bin/curl-config
ac_cv_prog_CPP='gcc -E'
ac_cv_prog_ac_ct_CC=gcc
ac_cv_prog_cc_c89=
ac_cv_prog_cc_g=yes

## ----------------- ##
## Output variables. ##
## ----------------- ##

CC='gcc'
CFLAGS='-g -O2'
CPP='gcc -E'
CPPFLAGS=' '
CURL_CFLAGS=''
CURL_CONFIG='/usr/bin/curl-config'
CURL_LIBS='-lcurl'
DEFINES=' -DHAVE_LIBIDN_FIELD=1 -DHAVE_CURLOPT_URL=1 -DHAVE_CURLINFO_EFFECTIVE_URL=1 -DHAVE_CURLINFO_RESPONSE_CODE=1 -DHAVE_CURLINFO_TOTAL_TIME=1 -DHAVE_CURLINFO_NAMELOOKUP_TIME=1 -DHAVE_CURLINFO_CONNECT_TIME=1 -DHAVE_CURLINFO_PRETRANSFER_TIME=1 -DHAVE_CURLINFO_SIZE_UPLOAD=1 -DHAVE_CURLINFO_SIZE_DOWNLOAD=1 -DHAVE_CURLINFO_SPEED_DOWNLOAD=1 -DHAVE_CURLINFO_SPEED_UPLOAD=1 -DHAVE_CURLINFO_HEADER_SIZE=1 -DHAVE_CURLINFO_REQUEST_SIZE=1 -DHAVE_CURLINFO_SSL_VERIFYRESULT=1 -DHAVE_CURLINFO_FILETIME=1 -DHAVE_CURLINFO_CONTENT_LENGTH_DOWNLOAD=1 -DHAVE_CURLINFO_CONTENT_LENGTH_UPLOAD=1 -DHAVE_CURLINFO_STARTTRANSFER_TIME=1 -DHAVE_CURLINFO_CONTENT_TYPE=1 -DHAVE_CURLINFO_REDIRECT_TIME=1 -DHAVE_CURLINFO_REDIRECT_COUNT=1 -DHAVE_CURLINFO_PRIVATE=1 -DHAVE_CURLINFO_HTTP_CONNECTCODE=1 -DHAVE_CURLINFO_HTTPAUTH_AVAIL=1 -DHAVE_CURLINFO_PROXYAUTH_AVAIL=1 -DHAVE_CURLINFO_OS_ERRNO=1 -DHAVE_CURLINFO_NUM_CONNECTS=1 -DHAVE_CURLINFO_SSL_ENGINES=1 -DHAVE_CURLINFO_COOKIELIST=1 -DHAVE_CURLINFO_LASTSOCKET=1 -DHAVE_CURLINFO_FTP_ENTRY_PATH=1 -DHAVE_CURLINFO_REDIRECT_URL=1 -DHAVE_CURLINFO_PRIMARY_IP=1 -DHAVE_CURLINFO_APPCONNECT_TIME=1 -DHAVE_CURLINFO_CERTINFO=1 -DHAVE_CURLINFO_CONDITION_UNMET=1 -DHAVE_CURLOPT_WRITEDATA=1 -DHAVE_CURLOPT_KEYPASSWD=1 -DHAVE_CURLOPT_DIRLISTONLY=1 -DHAVE_CURLOPT_APPEND=1 -DHAVE_CURLOPT_KRBLEVEL=1 -DHAVE_CURLOPT_USE_SSL=1 -DHAVE_CURLOPT_TIMEOUT_MS=1 -DHAVE_CURLOPT_CONNECTTIMEOUT_MS=1 -DHAVE_CURLOPT_HTTP_TRANSFER_DECODING=1 -DHAVE_CURLOPT_HTTP_CONTENT_DECODING=1 -DHAVE_CURLOPT_NEW_FILE_PERMS=1 -DHAVE_CURLOPT_NEW_DIRECTORY_PERMS=1 -DHAVE_CURLOPT_POSTREDIR=1 -DHAVE_CURLOPT_OPENSOCKETFUNCTION=1 -DHAVE_CURLOPT_OPENSOCKETDATA=1 -DHAVE_CURLOPT_COPYPOSTFIELDS=1 -DHAVE_CURLOPT_PROXY_TRANSFER_MODE=1 -DHAVE_CURLOPT_SEEKFUNCTION=1 -DHAVE_CURLOPT_SEEKDATA=1 -DHAVE_CURLOPT_CRLFILE=1 -DHAVE_CURLOPT_ISSUERCERT=1 -DHAVE_CURLOPT_ADDRESS_SCOPE=1 -DHAVE_CURLOPT_CERTINFO=1 -DHAVE_CURLOPT_USERNAME=1 -DHAVE_CURLOPT_PASSWORD=1 -DHAVE_CURLOPT_PROXYUSERNAME=1 -DHAVE_CURLOPT_PROXYPASSWORD=1 -DHAVE_CURLOPT_SSH_HOST_PUBLIC_KEY_MD5=1 -DHAVE_CURLOPT_NOPROXY=1 -DHAVE_CURLOPT_TFTP_BLKSIZE=1 -DHAVE_CURLOPT_SOCKS5_GSSAPI_SERVICE=1 -DHAVE_CURLOPT_SOCKS5_GSSAPI_NEC=1 -DHAVE_CURLOPT_PROTOCOLS=1 -DHAVE_CURLOPT_REDIR_PROTOCOLS=1 -DHAVE_CURLOPT_SSH_AUTH_TYPES=1 -DHAVE_CURLOPT_SSH_PUBLIC_KEYFILE=1 -DHAVE_CURLOPT_SSH_PRIVATE_KEYFILE=1 -DHAVE_CURLOPT_FTP_SSL_CCC=1 -DHAVE_CURLOPT_COOKIELIST=1 -DHAVE_CURLOPT_IGNORE_CONTENT_LENGTH=1 -DHAVE_CURLOPT_FTP_SKIP_PASV_IP=1 -DHAVE_CURLOPT_FTP_FILEMETHOD=1 -DHAVE_CURLOPT_LOCALPORT=1 -DHAVE_CURLOPT_LOCALPORTRANGE=1 -DHAVE_CURLOPT_CONNECT_ONLY=1 -DHAVE_CURLOPT_CONV_FROM_NETWORK_FUNCTION=1 -DHAVE_CURLOPT_CONV_TO_NETWORK_FUNCTION=1 -DHAVE_CURLOPT_CONV_FROM_UTF8_FUNCTION=1 -DHAVE_CURLOPT_MAX_SEND_SPEED_LARGE=1 -DHAVE_CURLOPT_MAX_RECV_SPEED_LARGE=1 -DHAVE_CURLOPT_FTP_ALTERNATIVE_TO_USER=1 -DHAVE_CURLOPT_SOCKOPTFUNCTION=1 -DHAVE_CURLOPT_SOCKOPTDATA=1 -DHAVE_CURLOPT_SSL_SESSIONID_CACHE=1'
DEFS='-DPACKAGE_NAME=\"\" -DPACKAGE_TARNAME=\"\" -DPACKAGE_VERSION=\"\" -DPACKAGE_STRING=\"\" -DPACKAGE_BUGREPORT=\"\" -DPACKAGE_URL=\"\"'
ECHO_C='\c'
ECHO_N=''
ECHO_T=''
EXEEXT=''
LDFLAGS='-lcurl'
LIBOBJS=''
LIBS=''
LTLIBOBJS=''
OBJEXT='o'
PACKAGE_BUGREPORT=''
PACKAGE_NAME=''
PACKAGE_STRING=''
PACKAGE_TARNAME=''
PACKAGE_URL=''
PACKAGE_VERSION=''
PATH_SEPARATOR=':'
SHELL='/bin/sh'
ac_ct_CC='gcc'
bindir='${exec_prefix}/bin'
build_alias=''
datadir='${datarootdir}'
datarootdir='${prefix}/share'
docdir='${datarootdir}/doc/${PACKAGE}'
dvidir='${docdir}'
exec_prefix='${prefix}'
host_alias=''
htmldir='${docdir}'
includedir='${prefix}/include'
infodir='${datarootdir}/info'
libdir='${exec_prefix}/lib'
libexecdir='${exec_prefix}/libexec'
localedir='${datarootdir}/locale'
localstatedir='${prefix}/var'
mandir='${datarootdir}/man'
oldincludedir='/usr/include'
pdfdir='${docdir}'
prefix='/usr/local'
program_transform_name='s,x,x,'
psdir='${docdir}'
sbindir='${exec_prefix}/sbin'
sharedstatedir='${prefix}/com'
sysconfdir='${prefix}/etc'
target_alias=''

## ----------- ##
## confdefs.h. ##
## ----------- ##

/* confdefs.h */
#define PACKAGE_NAME ""
#define PACKAGE_TARNAME ""
#define PACKAGE_VERSION ""
#define PACKAGE_STRING ""
#define PACKAGE_BUGREPORT ""
#define PACKAGE_URL ""

configure: exit 0
